0 info it worked if it ends with ok
1 verbose cli [ 'C:\\Program Files\\nodejs\\node.exe',
1 verbose cli   'C:\\Users\\keith\\AppData\\Roaming\\npm\\node_modules\\npm\\bin\\npm-cli.js',
1 verbose cli   'run',
1 verbose cli   'dev' ]
2 info using npm@4.0.5
3 info using node@v6.9.5
4 verbose run-script [ 'predev', 'dev', 'postdev' ]
5 info lifecycle codecraftconf2016@1.0.0~predev: codecraftconf2016@1.0.0
6 silly lifecycle codecraftconf2016@1.0.0~predev: no script for predev, continuing
7 info lifecycle codecraftconf2016@1.0.0~dev: codecraftconf2016@1.0.0
8 verbose lifecycle codecraftconf2016@1.0.0~dev: unsafe-perm in lifecycle true
9 verbose lifecycle codecraftconf2016@1.0.0~dev: PATH: C:\Users\keith\AppData\Roaming\npm\node_modules\npm\bin\node-gyp-bin;C:\Github\codecraftconf\node_modules\.bin;C:\Program Files\Dell\DW WLAN Card;C:\Program Files (x86)\Intel\iCLS Client\;C:\Program Files\Intel\iCLS Client\;C:\WINDOWS\system32;C:\WINDOWS;C:\WINDOWS\System32\Wbem;C:\WINDOWS\System32\WindowsPowerShell\v1.0\;C:\Program Files (x86)\Intel\Intel(R) Management Engine Components\DAL;C:\Program Files\Intel\Intel(R) Management Engine Components\DAL;C:\Program Files (x86)\Intel\Intel(R) Management Engine Components\IPT;C:\Program Files\Intel\Intel(R) Management Engine Components\IPT;c:\Program Files\WIDCOMM\Bluetooth Software\;c:\Program Files\WIDCOMM\Bluetooth Software\syswow64;C:\Program Files\Microsoft SQL Server\120\Tools\Binn\;C:\Program Files\Microsoft\Web Platform Installer\;C:\Program Files\Microsoft DNX\Dnvm\;C:\Program Files (x86)\Skype\Phone\;C:\Program Files (x86)\Microsoft Team Foundation Server 2015 Power Tools\;C:\Program Files\Microsoft Network Monitor 3\;C:\Program Files\Microsoft SQL Server\130\Tools\Binn\;C:\Program Files\Git\cmd;C:\Program Files (x86)\Windows Live\Shared;C:\Program Files (x86)\Microsoft SQL Server\110\DTS\Binn\;C:\Program Files (x86)\Microsoft SQL Server\120\DTS\Binn\;C:\Program Files (x86)\Microsoft SQL Server\130\DTS\Binn\;C:\Program Files (x86)\Brackets\command;C:\Program Files\nodejs\;C:\Program Files (x86)\dotnet\;C:\Program Files\dotnet\;C:\Users\keith\AppData\Local\Programs\Python\Python35-32\Scripts\;C:\Users\keith\AppData\Local\Programs\Python\Python35-32\;C:\Users\keith\.dnx\bin;C:\Program Files (x86)\Microsoft VS Code\bin;C:\Users\keith\AppData\Local\Microsoft\WindowsApps;C:\Users\keith\AppData\Local\atom\bin;C:\Program Files\Docker Toolbox;C:\Users\keith\AppData\Roaming\npm
10 verbose lifecycle codecraftconf2016@1.0.0~dev: CWD: C:\Github\codecraftconf
11 silly lifecycle codecraftconf2016@1.0.0~dev: Args: [ '/d /s /c', 'http-server' ]
12 silly lifecycle codecraftconf2016@1.0.0~dev: Returned: code: 3221225786  signal: null
13 info lifecycle codecraftconf2016@1.0.0~dev: Failed to exec dev script
14 verbose stack Error: codecraftconf2016@1.0.0 dev: `http-server`
14 verbose stack Exit status 3221225786
14 verbose stack     at EventEmitter.<anonymous> (C:\Users\keith\AppData\Roaming\npm\node_modules\npm\lib\utils\lifecycle.js:279:16)
14 verbose stack     at emitTwo (events.js:106:13)
14 verbose stack     at EventEmitter.emit (events.js:191:7)
14 verbose stack     at ChildProcess.<anonymous> (C:\Users\keith\AppData\Roaming\npm\node_modules\npm\lib\utils\spawn.js:40:14)
14 verbose stack     at emitTwo (events.js:106:13)
14 verbose stack     at ChildProcess.emit (events.js:191:7)
14 verbose stack     at maybeClose (internal/child_process.js:877:16)
14 verbose stack     at Process.ChildProcess._handle.onexit (internal/child_process.js:226:5)
15 verbose pkgid codecraftconf2016@1.0.0
16 verbose cwd C:\Github\codecraftconf
17 error Windows_NT 10.0.14393
18 error argv "C:\\Program Files\\nodejs\\node.exe" "C:\\Users\\keith\\AppData\\Roaming\\npm\\node_modules\\npm\\bin\\npm-cli.js" "run" "dev"
19 error node v6.9.5
20 error npm  v4.0.5
21 error code ELIFECYCLE
22 error codecraftconf2016@1.0.0 dev: `http-server`
22 error Exit status 3221225786
23 error Failed at the codecraftconf2016@1.0.0 dev script 'http-server'.
23 error Make sure you have the latest version of node.js and npm installed.
23 error If you do, this is most likely a problem with the codecraftconf2016 package,
23 error not with npm itself.
23 error Tell the author that this fails on your system:
23 error     http-server
23 error You can get information on how to open an issue for this project with:
23 error     npm bugs codecraftconf2016
23 error Or if that isn't available, you can get their info via:
23 error     npm owner ls codecraftconf2016
23 error There is likely additional logging output above.
24 verbose exit [ 1, true ]
